{
"server/logging/reqHelper.ts":{"path":"server/logging/reqHelper.ts","statementMap":{"1":{"start":{"line":1,"column":0},"end":{"line":34,"column":2}},"2":{"start":{"line":9,"column":8},"end":{"line":18,"column":10}},"3":{"start":{"line":20,"column":8},"end":{"line":27,"column":9}},"4":{"start":{"line":22,"column":12},"end":{"line":26,"column":14}},"5":{"start":{"line":29,"column":8},"end":{"line":29,"column":22}},"6":{"start":{"line":37,"column":0},"end":{"line":49,"column":1}},"7":{"start":{"line":38,"column":4},"end":{"line":41,"column":21}},"8":{"start":{"line":43,"column":4},"end":{"line":48,"column":25}},"9":{"start":{"line":44,"column":8},"end":{"line":44,"column":34}},"10":{"start":{"line":47,"column":8},"end":{"line":47,"column":39}},"11":{"start":{"line":48,"column":13},"end":{"line":48,"column":23}},"12":{"start":{"line":51,"column":0},"end":{"line":null,"column":-1}}},"fnMap":{"1":{"name":"(anonymous_1)","line":2,"loc":{"start":{"line":2,"column":17},"end":{"line":2,"column":30}}},"2":{"name":"getIp","line":37,"loc":{"start":{"line":37,"column":0},"end":{"line":37,"column":18}}}},"branchMap":{"1":{"line":12,"type":"binary-expr","locations":[{"start":{"line":12,"column":17},"end":{"line":12,"column":32}},{"start":{"line":12,"column":36},"end":{"line":12,"column":43}}]},"2":{"line":20,"type":"if","locations":[{"start":{"line":20,"column":8},"end":{"line":20,"column":7}},{"start":{"line":20,"column":8},"end":{"line":20,"column":7}}]},"3":{"line":38,"type":"binary-expr","locations":[{"start":{"line":38,"column":13},"end":{"line":38,"column":19}},{"start":{"line":39,"column":11},"end":{"line":39,"column":29}},{"start":{"line":40,"column":12},"end":{"line":40,"column":26}},{"start":{"line":40,"column":30},"end":{"line":40,"column":58}},{"start":{"line":41,"column":11},"end":{"line":41,"column":20}}]},"4":{"line":43,"type":"if","locations":[{"start":{"line":43,"column":4},"end":{"line":43,"column":3}},{"start":{"line":43,"column":4},"end":{"line":43,"column":3}}]}},"s":{"1":1,"2":0,"3":0,"4":0,"5":0,"6":1,"7":2,"8":2,"9":1,"10":1,"11":1,"12":1},"b":{"1":[0,0],"2":[0,0],"3":[2,1,1,0,1],"4":[1,1]},"f":{"1":0,"2":2},"l":{"1":1,"9":0,"20":0,"22":0,"29":0,"37":1,"38":2,"43":2,"44":1,"47":1,"48":1,"51":1}}}
