{
"/home/dadi/data/proiecte/logspace/server/logging/reqHelper.js":{"path":"/home/dadi/data/proiecte/logspace/server/logging/reqHelper.js","s":{"1":1,"2":0,"3":0,"4":0,"5":0,"6":1,"7":2,"8":2,"9":1,"10":1,"11":1,"12":1,"13":1},"b":{"1":[0,0],"2":[0,0],"3":[2,1,1,0,1],"4":[1,1]},"f":{"1":0,"2":2},"fnMap":{"1":{"name":"(anonymous_1)","line":3,"loc":{"start":{"line":3,"column":17},"end":{"line":3,"column":32}}},"2":{"name":"getIp","line":33,"loc":{"start":{"line":33,"column":0},"end":{"line":33,"column":20}}}},"statementMap":{"1":{"start":{"line":2,"column":0},"end":{"line":31,"column":2}},"2":{"start":{"line":9,"column":8},"end":{"line":18,"column":10}},"3":{"start":{"line":19,"column":8},"end":{"line":26,"column":9}},"4":{"start":{"line":21,"column":12},"end":{"line":25,"column":14}},"5":{"start":{"line":27,"column":8},"end":{"line":27,"column":22}},"6":{"start":{"line":33,"column":0},"end":{"line":46,"column":1}},"7":{"start":{"line":34,"column":4},"end":{"line":37,"column":21}},"8":{"start":{"line":38,"column":4},"end":{"line":45,"column":5}},"9":{"start":{"line":39,"column":8},"end":{"line":39,"column":34}},"10":{"start":{"line":41,"column":8},"end":{"line":41,"column":39}},"11":{"start":{"line":44,"column":8},"end":{"line":44,"column":18}},"12":{"start":{"line":47,"column":0},"end":{"line":47,"column":62}},"13":{"start":{"line":48,"column":0},"end":{"line":48,"column":25}}},"branchMap":{"1":{"line":12,"type":"binary-expr","locations":[{"start":{"line":12,"column":17},"end":{"line":12,"column":32}},{"start":{"line":12,"column":36},"end":{"line":12,"column":43}}]},"2":{"line":19,"type":"if","locations":[{"start":{"line":19,"column":8},"end":{"line":19,"column":8}},{"start":{"line":19,"column":8},"end":{"line":19,"column":8}}]},"3":{"line":34,"type":"binary-expr","locations":[{"start":{"line":34,"column":13},"end":{"line":34,"column":19}},{"start":{"line":35,"column":11},"end":{"line":35,"column":29}},{"start":{"line":36,"column":12},"end":{"line":36,"column":26}},{"start":{"line":36,"column":30},"end":{"line":36,"column":58}},{"start":{"line":37,"column":11},"end":{"line":37,"column":20}}]},"4":{"line":38,"type":"if","locations":[{"start":{"line":38,"column":4},"end":{"line":38,"column":4}},{"start":{"line":38,"column":4},"end":{"line":38,"column":4}}]}},"l":{"2":1,"9":0,"19":0,"21":0,"27":0,"33":1,"34":2,"38":2,"39":1,"41":1,"44":1,"47":1,"48":1}}}
